gdx-backend-android-textureview/build/intermediates/manifest_merge_blame_file/debug/manifest-merger-blame-debug-report.txt
1<?xml version="1.0" encoding="utf-8"?>
2<manifest xmlns:android="http://schemas.android.com/apk/res/android"
3    package="com.badlogic.gdx.backends" >
4
5    <uses-sdk android:minSdkVersion="15" />
5-->src/main/AndroidManifest.xml
6
7    <application android:supportsRtl="true" >
7-->src/main/AndroidManifest.xml:4:5-7:19
7-->src/main/AndroidManifest.xml:5:13-39
8    </application>
9
10</manifest>